<?xml version="1.0" encoding="UTF-8"?>
<coverage generated="1588812274495" clover="3.2.0">
  <project timestamp="1588812274495" name="All files">
    <metrics statements="20" coveredstatements="13" conditionals="0" coveredconditionals="0" methods="13" coveredmethods="6" elements="33" coveredelements="19" complexity="0" loc="20" ncloc="20" packages="2" files="4" classes="4"/>
    <package name="Jay_Nordstrom_Reviews">
      <metrics statements="6" coveredstatements="4" conditionals="0" coveredconditionals="0" methods="4" coveredmethods="2"/>
      <file name="counter.js" path="/Users/jaynein/Desktop/FEC/Jay_Nordstrom_Reviews/counter.js">
        <metrics statements="6" coveredstatements="4" conditionals="0" coveredconditionals="0" methods="4" coveredmethods="2"/>
        <line num="5" count="1" type="stmt"/>
        <line num="6" count="1" type="stmt"/>
        <line num="9" count="1" type="stmt"/>
        <line num="13" count="0" type="stmt"/>
        <line num="14" count="0" type="stmt"/>
        <line num="21" count="1" type="stmt"/>
      </file>
    </package>
    <package name="Jay_Nordstrom_Reviews.client.src.components">
      <metrics statements="14" coveredstatements="9" conditionals="0" coveredconditionals="0" methods="9" coveredmethods="4"/>
      <file name="App.jsx" path="/Users/jaynein/Desktop/FEC/Jay_Nordstrom_Reviews/client/src/components/App.jsx">
        <metrics statements="9" coveredstatements="7" conditionals="0" coveredconditionals="0" methods="6" coveredmethods="4"/>
        <line num="17" count="1" type="stmt"/>
        <line num="18" count="1" type="stmt"/>
        <line num="21" count="1" type="stmt"/>
        <line num="25" count="1" type="stmt"/>
        <line num="28" count="0" type="stmt"/>
        <line num="31" count="0" type="stmt"/>
        <line num="36" count="1" type="stmt"/>
        <line num="41" count="1" type="stmt"/>
        <line num="42" count="1" type="stmt"/>
      </file>
      <file name="reviewCard.jsx" path="/Users/jaynein/Desktop/FEC/Jay_Nordstrom_Reviews/client/src/components/reviewCard.jsx">
        <metrics statements="2" coveredstatements="1" conditionals="0" coveredconditionals="0" methods="1" coveredmethods="0"/>
        <line num="3" count="1" type="stmt"/>
        <line num="4" count="0" type="stmt"/>
      </file>
      <file name="reviewsList.jsx" path="/Users/jaynein/Desktop/FEC/Jay_Nordstrom_Reviews/client/src/components/reviewsList.jsx">
        <metrics statements="3" coveredstatements="1" conditionals="0" coveredconditionals="0" methods="2" coveredmethods="0"/>
        <line num="4" count="1" type="stmt"/>
        <line num="5" count="0" type="stmt"/>
        <line num="8" count="0" type="stmt"/>
      </file>
    </package>
  </project>
</coverage>
